<?xml version="1.0" encoding="UTF-8"?>
<!-- Generated by org.testng.reporters.JUnitReportReporter -->
<testsuite skipped="0" hostname="NODLTP52089263" name="Commands.Crossbrowser" tests="2" failures="0" timestamp="19 Sep 2020 08:49:00 GMT" time="11.498" errors="0">
  <testcase name="launchwebsite" time="8.679" classname="Commands.Crossbrowser"/>
  <testcase name="launchwebsite" time="2.819" classname="Commands.Crossbrowser"/>
</testsuite> <!-- Commands.Crossbrowser -->
